<?xml version="1.0" encoding="UTF-8"?>
<!-- Generated by org.testng.reporters.JUnitReportReporter -->
<testsuite hostname="Sidra" failures="0" tests="1" name="org.securetech.Main" time="114.714" errors="0" timestamp="2023-06-22T15:32:30 PKT" skipped="0">
  <testcase classname="org.securetech.Main" name="Login" time="114.714"/>
  <system-out/>
</testsuite> <!-- org.securetech.Main -->
